2022-02-17 20:10:04.357  INFO 20996 --- [main] com.api.saludo.ApiSaludoApplication      : Starting ApiSaludoApplication using Java 17.0.1 on e-grodelo with PID 20996 (C:\Users\e-grodelo\Documents\Proyecto\ActividadFinal\api-saludo\bin\main started by e-grodelo in C:\Users\e-grodelo\Documents\Proyecto\ActividadFinal\api-saludo)
2022-02-17 20:10:04.362  INFO 20996 --- [main] com.api.saludo.ApiSaludoApplication      : No active profile set, falling back to default profiles: default
2022-02-17 20:10:04.889  INFO 20996 --- [main] .s.d.r.c.RepositoryConfigurationDelegate : Bootstrapping Spring Data JPA repositories in DEFAULT mode.
2022-02-17 20:10:04.934  INFO 20996 --- [main] .s.d.r.c.RepositoryConfigurationDelegate : Finished Spring Data repository scanning in 37 ms. Found 1 JPA repository interfaces.
2022-02-17 20:10:05.350  INFO 20996 --- [main] o.s.b.w.embedded.tomcat.TomcatWebServer  : Tomcat initialized with port(s): 8080 (http)
2022-02-17 20:10:05.359  INFO 20996 --- [main] o.apache.catalina.core.StandardService   : Starting service [Tomcat]
2022-02-17 20:10:05.360  INFO 20996 --- [main] org.apache.catalina.core.StandardEngine  : Starting Servlet engine: [Apache Tomcat/9.0.56]
2022-02-17 20:10:05.452  INFO 20996 --- [main] o.a.c.c.C.[Tomcat].[localhost].[/]       : Initializing Spring embedded WebApplicationContext
2022-02-17 20:10:05.452  INFO 20996 --- [main] w.s.c.ServletWebServerApplicationContext : Root WebApplicationContext: initialization completed in 1036 ms
2022-02-17 20:10:05.568  INFO 20996 --- [main] o.hibernate.jpa.internal.util.LogHelper  : HHH000204: Processing PersistenceUnitInfo [name: default]
2022-02-17 20:10:05.614  INFO 20996 --- [main] org.hibernate.Version                    : HHH000412: Hibernate ORM core version 5.6.4.Final
2022-02-17 20:10:05.776  INFO 20996 --- [main] o.hibernate.annotations.common.Version   : HCANN000001: Hibernate Commons Annotations {5.1.2.Final}
2022-02-17 20:10:05.869  INFO 20996 --- [main] com.zaxxer.hikari.HikariDataSource       : HikariPool-1 - Starting...
2022-02-17 20:10:06.087  INFO 20996 --- [main] com.zaxxer.hikari.HikariDataSource       : HikariPool-1 - Start completed.
2022-02-17 20:10:06.109  INFO 20996 --- [main] org.hibernate.dialect.Dialect            : HHH000400: Using dialect: org.hibernate.dialect.PostgreSQLDialect
2022-02-17 20:10:06.650  INFO 20996 --- [main] o.h.e.t.j.p.i.JtaPlatformInitiator       : HHH000490: Using JtaPlatform implementation: [org.hibernate.engine.transaction.jta.platform.internal.NoJtaPlatform]
2022-02-17 20:10:06.658  INFO 20996 --- [main] j.LocalContainerEntityManagerFactoryBean : Initialized JPA EntityManagerFactory for persistence unit 'default'
2022-02-17 20:10:06.963  WARN 20996 --- [main] JpaBaseConfiguration$JpaWebConfiguration : spring.jpa.open-in-view is enabled by default. Therefore, database queries may be performed during view rendering. Explicitly configure spring.jpa.open-in-view to disable this warning
2022-02-17 20:10:07.267  INFO 20996 --- [main] o.s.b.w.embedded.tomcat.TomcatWebServer  : Tomcat started on port(s): 8080 (http) with context path ''
2022-02-17 20:10:07.279  INFO 20996 --- [main] com.api.saludo.ApiSaludoApplication      : Started ApiSaludoApplication in 3.261 seconds (JVM running for 3.939)
2022-02-17 20:10:58.060  INFO 20996 --- [http-nio-8080-exec-2] o.a.c.c.C.[Tomcat].[localhost].[/]       : Initializing Spring DispatcherServlet 'dispatcherServlet'
2022-02-17 20:10:58.061  INFO 20996 --- [http-nio-8080-exec-2] o.s.web.servlet.DispatcherServlet        : Initializing Servlet 'dispatcherServlet'
2022-02-17 20:10:58.064  INFO 20996 --- [http-nio-8080-exec-2] o.s.web.servlet.DispatcherServlet        : Completed initialization in 3 ms
2022-02-17 20:10:58.395  WARN 20996 --- [http-nio-8080-exec-2] o.h.engine.jdbc.spi.SqlExceptionHelper   : SQL Error: 0, SQLState: 23514
2022-02-17 20:10:58.396 ERROR 20996 --- [http-nio-8080-exec-2] o.h.engine.jdbc.spi.SqlExceptionHelper   : ERROR: new row for relation "saludo" violates check constraint "only_three_values"
  Detail: Failing row contains (11, mañana, Hola, buenas noches).
2022-02-17 20:10:58.411 ERROR 20996 --- [http-nio-8080-exec-2] c.a.saludo.controller.SaludoController   : ErrorDetails(codigo=400, mensaje=El tipo del saludo solo puede ser: dia, tarde o noche, request=com.api.saludo.request.CreateSaludoRequest@1f69bbc3, details=uri=/api/saludo/create)
2022-02-17 20:38:25.005  WARN 20996 --- [HikariPool-1 housekeeper] com.zaxxer.hikari.pool.HikariPool        : HikariPool-1 - Thread starvation or clock leap detected (housekeeper delta=9m48s530ms649µs300ns).
2022-02-17 20:38:42.062  INFO 20996 --- [RMI TCP Connection(29)-127.0.0.1] inMXBeanRegistrar$SpringApplicationAdmin : Application shutdown requested.
2022-02-17 20:38:42.092  INFO 20996 --- [RMI TCP Connection(29)-127.0.0.1] j.LocalContainerEntityManagerFactoryBean : Closing JPA EntityManagerFactory for persistence unit 'default'
2022-02-17 20:38:42.094  INFO 20996 --- [RMI TCP Connection(29)-127.0.0.1] com.zaxxer.hikari.HikariDataSource       : HikariPool-1 - Shutdown initiated...
2022-02-17 20:38:42.099  INFO 20996 --- [RMI TCP Connection(29)-127.0.0.1] com.zaxxer.hikari.HikariDataSource       : HikariPool-1 - Shutdown completed.
2022-02-17 21:46:14.280  INFO 18904 --- [main] com.api.saludo.ApiSaludoApplication      : Starting ApiSaludoApplication using Java 17.0.1 on e-grodelo with PID 18904 (C:\Users\e-grodelo\Documents\Proyecto\ActividadFinal\api-saludo\bin\main started by e-grodelo in C:\Users\e-grodelo\Documents\Proyecto\ActividadFinal\api-saludo)
2022-02-17 21:46:14.284  INFO 18904 --- [main] com.api.saludo.ApiSaludoApplication      : No active profile set, falling back to default profiles: default
2022-02-17 21:46:15.002  INFO 18904 --- [main] .s.d.r.c.RepositoryConfigurationDelegate : Bootstrapping Spring Data JPA repositories in DEFAULT mode.
2022-02-17 21:46:15.065  INFO 18904 --- [main] .s.d.r.c.RepositoryConfigurationDelegate : Finished Spring Data repository scanning in 47 ms. Found 1 JPA repository interfaces.
2022-02-17 21:46:15.557  INFO 18904 --- [main] o.s.b.w.embedded.tomcat.TomcatWebServer  : Tomcat initialized with port(s): 8080 (http)
2022-02-17 21:46:15.567  INFO 18904 --- [main] o.apache.catalina.core.StandardService   : Starting service [Tomcat]
2022-02-17 21:46:15.567  INFO 18904 --- [main] org.apache.catalina.core.StandardEngine  : Starting Servlet engine: [Apache Tomcat/9.0.56]
2022-02-17 21:46:15.677  INFO 18904 --- [main] o.a.c.c.C.[Tomcat].[localhost].[/]       : Initializing Spring embedded WebApplicationContext
2022-02-17 21:46:15.677  INFO 18904 --- [main] w.s.c.ServletWebServerApplicationContext : Root WebApplicationContext: initialization completed in 1350 ms
2022-02-17 21:46:15.811  INFO 18904 --- [main] o.hibernate.jpa.internal.util.LogHelper  : HHH000204: Processing PersistenceUnitInfo [name: default]
2022-02-17 21:46:15.866  INFO 18904 --- [main] org.hibernate.Version                    : HHH000412: Hibernate ORM core version 5.6.4.Final
2022-02-17 21:46:16.054  INFO 18904 --- [main] o.hibernate.annotations.common.Version   : HCANN000001: Hibernate Commons Annotations {5.1.2.Final}
2022-02-17 21:46:16.157  INFO 18904 --- [main] com.zaxxer.hikari.HikariDataSource       : HikariPool-1 - Starting...
2022-02-17 21:46:16.375  INFO 18904 --- [main] com.zaxxer.hikari.HikariDataSource       : HikariPool-1 - Start completed.
2022-02-17 21:46:16.396  INFO 18904 --- [main] org.hibernate.dialect.Dialect            : HHH000400: Using dialect: org.hibernate.dialect.PostgreSQLDialect
2022-02-17 21:46:17.096  INFO 18904 --- [main] o.h.e.t.j.p.i.JtaPlatformInitiator       : HHH000490: Using JtaPlatform implementation: [org.hibernate.engine.transaction.jta.platform.internal.NoJtaPlatform]
2022-02-17 21:46:17.103  INFO 18904 --- [main] j.LocalContainerEntityManagerFactoryBean : Initialized JPA EntityManagerFactory for persistence unit 'default'
2022-02-17 21:46:17.406  WARN 18904 --- [main] JpaBaseConfiguration$JpaWebConfiguration : spring.jpa.open-in-view is enabled by default. Therefore, database queries may be performed during view rendering. Explicitly configure spring.jpa.open-in-view to disable this warning
2022-02-17 21:46:17.723  INFO 18904 --- [main] o.s.b.w.embedded.tomcat.TomcatWebServer  : Tomcat started on port(s): 8080 (http) with context path ''
2022-02-17 21:46:17.737  INFO 18904 --- [main] com.api.saludo.ApiSaludoApplication      : Started ApiSaludoApplication in 3.852 seconds (JVM running for 4.673)
2022-02-17 21:47:41.808  INFO 18904 --- [http-nio-8080-exec-2] o.a.c.c.C.[Tomcat].[localhost].[/]       : Initializing Spring DispatcherServlet 'dispatcherServlet'
2022-02-17 21:47:41.809  INFO 18904 --- [http-nio-8080-exec-2] o.s.web.servlet.DispatcherServlet        : Initializing Servlet 'dispatcherServlet'
2022-02-17 21:47:41.809  INFO 18904 --- [http-nio-8080-exec-2] o.s.web.servlet.DispatcherServlet        : Completed initialization in 0 ms
2022-02-17 21:48:05.856  INFO 18904 --- [RMI TCP Connection(12)-127.0.0.1] inMXBeanRegistrar$SpringApplicationAdmin : Application shutdown requested.
2022-02-17 21:48:05.882  INFO 18904 --- [RMI TCP Connection(12)-127.0.0.1] j.LocalContainerEntityManagerFactoryBean : Closing JPA EntityManagerFactory for persistence unit 'default'
2022-02-17 21:48:05.884  INFO 18904 --- [RMI TCP Connection(12)-127.0.0.1] com.zaxxer.hikari.HikariDataSource       : HikariPool-1 - Shutdown initiated...
2022-02-17 21:48:05.887  INFO 18904 --- [RMI TCP Connection(12)-127.0.0.1] com.zaxxer.hikari.HikariDataSource       : HikariPool-1 - Shutdown completed.
2022-02-17 21:49:03.201  INFO 3096 --- [main] com.api.saludo.ApiSaludoApplication      : Starting ApiSaludoApplication using Java 17.0.1 on e-grodelo with PID 3096 (C:\Users\e-grodelo\Documents\Proyecto\ActividadFinal\api-saludo\bin\main started by e-grodelo in C:\Users\e-grodelo\Documents\Proyecto\ActividadFinal\api-saludo)
2022-02-17 21:49:03.205  INFO 3096 --- [main] com.api.saludo.ApiSaludoApplication      : No active profile set, falling back to default profiles: default
2022-02-17 21:49:03.753  INFO 3096 --- [main] .s.d.r.c.RepositoryConfigurationDelegate : Bootstrapping Spring Data JPA repositories in DEFAULT mode.
2022-02-17 21:49:03.799  INFO 3096 --- [main] .s.d.r.c.RepositoryConfigurationDelegate : Finished Spring Data repository scanning in 39 ms. Found 1 JPA repository interfaces.
2022-02-17 21:49:04.238  INFO 3096 --- [main] o.s.b.w.embedded.tomcat.TomcatWebServer  : Tomcat initialized with port(s): 8080 (http)
2022-02-17 21:49:04.245  INFO 3096 --- [main] o.apache.catalina.core.StandardService   : Starting service [Tomcat]
2022-02-17 21:49:04.246  INFO 3096 --- [main] org.apache.catalina.core.StandardEngine  : Starting Servlet engine: [Apache Tomcat/9.0.56]
2022-02-17 21:49:04.360  INFO 3096 --- [main] o.a.c.c.C.[Tomcat].[localhost].[/]       : Initializing Spring embedded WebApplicationContext
2022-02-17 21:49:04.360  INFO 3096 --- [main] w.s.c.ServletWebServerApplicationContext : Root WebApplicationContext: initialization completed in 1112 ms
2022-02-17 21:49:04.473  INFO 3096 --- [main] o.hibernate.jpa.internal.util.LogHelper  : HHH000204: Processing PersistenceUnitInfo [name: default]
2022-02-17 21:49:04.515  INFO 3096 --- [main] org.hibernate.Version                    : HHH000412: Hibernate ORM core version 5.6.4.Final
2022-02-17 21:49:04.647  INFO 3096 --- [main] o.hibernate.annotations.common.Version   : HCANN000001: Hibernate Commons Annotations {5.1.2.Final}
2022-02-17 21:49:04.730  INFO 3096 --- [main] com.zaxxer.hikari.HikariDataSource       : HikariPool-1 - Starting...
2022-02-17 21:49:04.740  WARN 3096 --- [main] o.h.e.j.e.i.JdbcEnvironmentInitiator     : HHH000342: Could not obtain connection to query metadata

java.lang.RuntimeException: Driver org.postgresql.Driver claims to not accept jdbcUrl, jdbc:postgres://vvopkqlsapvgfm:a3a04713480aa6a69796ee63ceffa813fbc51d5bf4220c6d9ae6ecfdabc3346b@ec2-3-219-204-29.compute-1.amazonaws.com:5432/d9knqa9d97orjt
	at com.zaxxer.hikari.util.DriverDataSource.<init>(DriverDataSource.java:110) ~[HikariCP-4.0.3.jar:na]
	at com.zaxxer.hikari.pool.PoolBase.initializeDataSource(PoolBase.java:331) ~[HikariCP-4.0.3.jar:na]
	at com.zaxxer.hikari.pool.PoolBase.<init>(PoolBase.java:114) ~[HikariCP-4.0.3.jar:na]
	at com.zaxxer.hikari.pool.HikariPool.<init>(HikariPool.java:108) ~[HikariCP-4.0.3.jar:na]
	at com.zaxxer.hikari.HikariDataSource.getConnection(HikariDataSource.java:112) ~[HikariCP-4.0.3.jar:na]
	at org.hibernate.engine.jdbc.connections.internal.DatasourceConnectionProviderImpl.getConnection(DatasourceConnectionProviderImpl.java:122) ~[hibernate-core-5.6.4.Final.jar:5.6.4.Final]
	at org.hibernate.engine.jdbc.env.internal.JdbcEnvironmentInitiator$ConnectionProviderJdbcConnectionAccess.obtainConnection(JdbcEnvironmentInitiator.java:181) ~[hibernate-core-5.6.4.Final.jar:5.6.4.Final]
	at org.hibernate.engine.jdbc.env.internal.JdbcEnvironmentInitiator.initiateService(JdbcEnvironmentInitiator.java:68) ~[hibernate-core-5.6.4.Final.jar:5.6.4.Final]
	at org.hibernate.engine.jdbc.env.internal.JdbcEnvironmentInitiator.initiateService(JdbcEnvironmentInitiator.java:35) ~[hibernate-core-5.6.4.Final.jar:5.6.4.Final]
	at org.hibernate.boot.registry.internal.StandardServiceRegistryImpl.initiateService(StandardServiceRegistryImpl.java:101) ~[hibernate-core-5.6.4.Final.jar:5.6.4.Final]
	at org.hibernate.service.internal.AbstractServiceRegistryImpl.createService(AbstractServiceRegistryImpl.java:263) ~[hibernate-core-5.6.4.Final.jar:5.6.4.Final]
	at org.hibernate.service.internal.AbstractServiceRegistryImpl.initializeService(AbstractServiceRegistryImpl.java:237) ~[hibernate-core-5.6.4.Final.jar:5.6.4.Final]
	at org.hibernate.service.internal.AbstractServiceRegistryImpl.getService(AbstractServiceRegistryImpl.java:214) ~[hibernate-core-5.6.4.Final.jar:5.6.4.Final]
	at org.hibernate.id.factory.internal.DefaultIdentifierGeneratorFactory.injectServices(DefaultIdentifierGeneratorFactory.java:175) ~[hibernate-core-5.6.4.Final.jar:5.6.4.Final]
	at org.hibernate.service.internal.AbstractServiceRegistryImpl.injectDependencies(AbstractServiceRegistryImpl.java:286) ~[hibernate-core-5.6.4.Final.jar:5.6.4.Final]
	at org.hibernate.service.internal.AbstractServiceRegistryImpl.initializeService(AbstractServiceRegistryImpl.java:243) ~[hibernate-core-5.6.4.Final.jar:5.6.4.Final]
	at org.hibernate.service.internal.AbstractServiceRegistryImpl.getService(AbstractServiceRegistryImpl.java:214) ~[hibernate-core-5.6.4.Final.jar:5.6.4.Final]
	at org.hibernate.boot.internal.InFlightMetadataCollectorImpl.<init>(InFlightMetadataCollectorImpl.java:173) ~[hibernate-core-5.6.4.Final.jar:5.6.4.Final]
	at org.hibernate.boot.model.process.spi.MetadataBuildingProcess.complete(MetadataBuildingProcess.java:127) ~[hibernate-core-5.6.4.Final.jar:5.6.4.Final]
	at org.hibernate.jpa.boot.internal.EntityManagerFactoryBuilderImpl.metadata(EntityManagerFactoryBuilderImpl.java:1460) ~[hibernate-core-5.6.4.Final.jar:5.6.4.Final]
	at org.hibernate.jpa.boot.internal.EntityManagerFactoryBuilderImpl.build(EntityManagerFactoryBuilderImpl.java:1494) ~[hibernate-core-5.6.4.Final.jar:5.6.4.Final]
	at org.springframework.orm.jpa.vendor.SpringHibernateJpaPersistenceProvider.createContainerEntityManagerFactory(SpringHibernateJpaPersistenceProvider.java:58) ~[spring-orm-5.3.15.jar:5.3.15]
	at org.springframework.orm.jpa.LocalContainerEntityManagerFactoryBean.createNativeEntityManagerFactory(LocalContainerEntityManagerFactoryBean.java:365) ~[spring-orm-5.3.15.jar:5.3.15]
	at org.springframework.orm.jpa.AbstractEntityManagerFactoryBean.buildNativeEntityManagerFactory(AbstractEntityManagerFactoryBean.java:409) ~[spring-orm-5.3.15.jar:5.3.15]
	at org.springframework.orm.jpa.AbstractEntityManagerFactoryBean.afterPropertiesSet(AbstractEntityManagerFactoryBean.java:396) ~[spring-orm-5.3.15.jar:5.3.15]
	at org.springframework.orm.jpa.LocalContainerEntityManagerFactoryBean.afterPropertiesSet(LocalContainerEntityManagerFactoryBean.java:341) ~[spring-orm-5.3.15.jar:5.3.15]
	at org.springframework.beans.factory.support.AbstractAutowireCapableBeanFactory.invokeInitMethods(AbstractAutowireCapableBeanFactory.java:1863) ~[spring-beans-5.3.15.jar:5.3.15]
	at org.springframework.beans.factory.support.AbstractAutowireCapableBeanFactory.initializeBean(AbstractAutowireCapableBeanFactory.java:1800) ~[spring-beans-5.3.15.jar:5.3.15]
	at org.springframework.beans.factory.support.AbstractAutowireCapableBeanFactory.doCreateBean(AbstractAutowireCapableBeanFactory.java:620) ~[spring-beans-5.3.15.jar:5.3.15]
	at org.springframework.beans.factory.support.AbstractAutowireCapableBeanFactory.createBean(AbstractAutowireCapableBeanFactory.java:542) ~[spring-beans-5.3.15.jar:5.3.15]
	at org.springframework.beans.factory.support.AbstractBeanFactory.lambda$doGetBean$0(AbstractBeanFactory.java:335) ~[spring-beans-5.3.15.jar:5.3.15]
	at org.springframework.beans.factory.support.DefaultSingletonBeanRegistry.getSingleton(DefaultSingletonBeanRegistry.java:234) ~[spring-beans-5.3.15.jar:5.3.15]
	at org.springframework.beans.factory.support.AbstractBeanFactory.doGetBean(AbstractBeanFactory.java:333) ~[spring-beans-5.3.15.jar:5.3.15]
	at org.springframework.beans.factory.support.AbstractBeanFactory.getBean(AbstractBeanFactory.java:208) ~[spring-beans-5.3.15.jar:5.3.15]
	at org.springframework.context.support.AbstractApplicationContext.getBean(AbstractApplicationContext.java:1154) ~[spring-context-5.3.15.jar:5.3.15]
	at org.springframework.context.support.AbstractApplicationContext.finishBeanFactoryInitialization(AbstractApplicationContext.java:908) ~[spring-context-5.3.15.jar:5.3.15]
	at org.springframework.context.support.AbstractApplicationContext.refresh(AbstractApplicationContext.java:583) ~[spring-context-5.3.15.jar:5.3.15]
	at org.springframework.boot.web.servlet.context.ServletWebServerApplicationContext.refresh(ServletWebServerApplicationContext.java:145) ~[spring-boot-2.6.3.jar:2.6.3]
	at org.springframework.boot.SpringApplication.refresh(SpringApplication.java:732) ~[spring-boot-2.6.3.jar:2.6.3]
	at org.springframework.boot.SpringApplication.refreshContext(SpringApplication.java:414) ~[spring-boot-2.6.3.jar:2.6.3]
	at org.springframework.boot.SpringApplication.run(SpringApplication.java:302) ~[spring-boot-2.6.3.jar:2.6.3]
	at org.springframework.boot.SpringApplication.run(SpringApplication.java:1303) ~[spring-boot-2.6.3.jar:2.6.3]
	at org.springframework.boot.SpringApplication.run(SpringApplication.java:1292) ~[spring-boot-2.6.3.jar:2.6.3]
	at com.api.saludo.ApiSaludoApplication.main(ApiSaludoApplication.java:10) ~[main/:na]

2022-02-17 21:49:04.752  INFO 3096 --- [main] org.hibernate.dialect.Dialect            : HHH000400: Using dialect: org.hibernate.dialect.PostgreSQLDialect
2022-02-17 21:49:05.233  INFO 3096 --- [main] com.zaxxer.hikari.HikariDataSource       : HikariPool-1 - Starting...
2022-02-17 21:49:05.236 ERROR 3096 --- [main] j.LocalContainerEntityManagerFactoryBean : Failed to initialize JPA EntityManagerFactory: [PersistenceUnit: default] Unable to build Hibernate SessionFactory; nested exception is java.lang.RuntimeException: Driver org.postgresql.Driver claims to not accept jdbcUrl, jdbc:postgres://vvopkqlsapvgfm:a3a04713480aa6a69796ee63ceffa813fbc51d5bf4220c6d9ae6ecfdabc3346b@ec2-3-219-204-29.compute-1.amazonaws.com:5432/d9knqa9d97orjt
2022-02-17 21:49:05.237  WARN 3096 --- [main] ConfigServletWebServerApplicationContext : Exception encountered during context initialization - cancelling refresh attempt: org.springframework.beans.factory.BeanCreationException: Error creating bean with name 'entityManagerFactory' defined in class path resource [org/springframework/boot/autoconfigure/orm/jpa/HibernateJpaConfiguration.class]: Invocation of init method failed; nested exception is javax.persistence.PersistenceException: [PersistenceUnit: default] Unable to build Hibernate SessionFactory; nested exception is java.lang.RuntimeException: Driver org.postgresql.Driver claims to not accept jdbcUrl, jdbc:postgres://vvopkqlsapvgfm:a3a04713480aa6a69796ee63ceffa813fbc51d5bf4220c6d9ae6ecfdabc3346b@ec2-3-219-204-29.compute-1.amazonaws.com:5432/d9knqa9d97orjt
2022-02-17 21:49:05.239  INFO 3096 --- [main] o.apache.catalina.core.StandardService   : Stopping service [Tomcat]
2022-02-17 21:49:05.249  INFO 3096 --- [main] ConditionEvaluationReportLoggingListener : 

Error starting ApplicationContext. To display the conditions report re-run your application with 'debug' enabled.
2022-02-17 21:49:05.268 ERROR 3096 --- [main] o.s.boot.SpringApplication               : Application run failed

org.springframework.beans.factory.BeanCreationException: Error creating bean with name 'entityManagerFactory' defined in class path resource [org/springframework/boot/autoconfigure/orm/jpa/HibernateJpaConfiguration.class]: Invocation of init method failed; nested exception is javax.persistence.PersistenceException: [PersistenceUnit: default] Unable to build Hibernate SessionFactory; nested exception is java.lang.RuntimeException: Driver org.postgresql.Driver claims to not accept jdbcUrl, jdbc:postgres://vvopkqlsapvgfm:a3a04713480aa6a69796ee63ceffa813fbc51d5bf4220c6d9ae6ecfdabc3346b@ec2-3-219-204-29.compute-1.amazonaws.com:5432/d9knqa9d97orjt
	at org.springframework.beans.factory.support.AbstractAutowireCapableBeanFactory.initializeBean(AbstractAutowireCapableBeanFactory.java:1804) ~[spring-beans-5.3.15.jar:5.3.15]
	at org.springframework.beans.factory.support.AbstractAutowireCapableBeanFactory.doCreateBean(AbstractAutowireCapableBeanFactory.java:620) ~[spring-beans-5.3.15.jar:5.3.15]
	at org.springframework.beans.factory.support.AbstractAutowireCapableBeanFactory.createBean(AbstractAutowireCapableBeanFactory.java:542) ~[spring-beans-5.3.15.jar:5.3.15]
	at org.springframework.beans.factory.support.AbstractBeanFactory.lambda$doGetBean$0(AbstractBeanFactory.java:335) ~[spring-beans-5.3.15.jar:5.3.15]
	at org.springframework.beans.factory.support.DefaultSingletonBeanRegistry.getSingleton(DefaultSingletonBeanRegistry.java:234) ~[spring-beans-5.3.15.jar:5.3.15]
	at org.springframework.beans.factory.support.AbstractBeanFactory.doGetBean(AbstractBeanFactory.java:333) ~[spring-beans-5.3.15.jar:5.3.15]
	at org.springframework.beans.factory.support.AbstractBeanFactory.getBean(AbstractBeanFactory.java:208) ~[spring-beans-5.3.15.jar:5.3.15]
	at org.springframework.context.support.AbstractApplicationContext.getBean(AbstractApplicationContext.java:1154) ~[spring-context-5.3.15.jar:5.3.15]
	at org.springframework.context.support.AbstractApplicationContext.finishBeanFactoryInitialization(AbstractApplicationContext.java:908) ~[spring-context-5.3.15.jar:5.3.15]
	at org.springframework.context.support.AbstractApplicationContext.refresh(AbstractApplicationContext.java:583) ~[spring-context-5.3.15.jar:5.3.15]
	at org.springframework.boot.web.servlet.context.ServletWebServerApplicationContext.refresh(ServletWebServerApplicationContext.java:145) ~[spring-boot-2.6.3.jar:2.6.3]
	at org.springframework.boot.SpringApplication.refresh(SpringApplication.java:732) ~[spring-boot-2.6.3.jar:2.6.3]
	at org.springframework.boot.SpringApplication.refreshContext(SpringApplication.java:414) ~[spring-boot-2.6.3.jar:2.6.3]
	at org.springframework.boot.SpringApplication.run(SpringApplication.java:302) ~[spring-boot-2.6.3.jar:2.6.3]
	at org.springframework.boot.SpringApplication.run(SpringApplication.java:1303) ~[spring-boot-2.6.3.jar:2.6.3]
	at org.springframework.boot.SpringApplication.run(SpringApplication.java:1292) ~[spring-boot-2.6.3.jar:2.6.3]
	at com.api.saludo.ApiSaludoApplication.main(ApiSaludoApplication.java:10) ~[main/:na]
Caused by: javax.persistence.PersistenceException: [PersistenceUnit: default] Unable to build Hibernate SessionFactory; nested exception is java.lang.RuntimeException: Driver org.postgresql.Driver claims to not accept jdbcUrl, jdbc:postgres://vvopkqlsapvgfm:a3a04713480aa6a69796ee63ceffa813fbc51d5bf4220c6d9ae6ecfdabc3346b@ec2-3-219-204-29.compute-1.amazonaws.com:5432/d9knqa9d97orjt
	at org.springframework.orm.jpa.AbstractEntityManagerFactoryBean.buildNativeEntityManagerFactory(AbstractEntityManagerFactoryBean.java:421) ~[spring-orm-5.3.15.jar:5.3.15]
	at org.springframework.orm.jpa.AbstractEntityManagerFactoryBean.afterPropertiesSet(AbstractEntityManagerFactoryBean.java:396) ~[spring-orm-5.3.15.jar:5.3.15]
	at org.springframework.orm.jpa.LocalContainerEntityManagerFactoryBean.afterPropertiesSet(LocalContainerEntityManagerFactoryBean.java:341) ~[spring-orm-5.3.15.jar:5.3.15]
	at org.springframework.beans.factory.support.AbstractAutowireCapableBeanFactory.invokeInitMethods(AbstractAutowireCapableBeanFactory.java:1863) ~[spring-beans-5.3.15.jar:5.3.15]
	at org.springframework.beans.factory.support.AbstractAutowireCapableBeanFactory.initializeBean(AbstractAutowireCapableBeanFactory.java:1800) ~[spring-beans-5.3.15.jar:5.3.15]
	... 16 common frames omitted
Caused by: java.lang.RuntimeException: Driver org.postgresql.Driver claims to not accept jdbcUrl, jdbc:postgres://vvopkqlsapvgfm:a3a04713480aa6a69796ee63ceffa813fbc51d5bf4220c6d9ae6ecfdabc3346b@ec2-3-219-204-29.compute-1.amazonaws.com:5432/d9knqa9d97orjt
	at com.zaxxer.hikari.util.DriverDataSource.<init>(DriverDataSource.java:110) ~[HikariCP-4.0.3.jar:na]
	at com.zaxxer.hikari.pool.PoolBase.initializeDataSource(PoolBase.java:331) ~[HikariCP-4.0.3.jar:na]
	at com.zaxxer.hikari.pool.PoolBase.<init>(PoolBase.java:114) ~[HikariCP-4.0.3.jar:na]
	at com.zaxxer.hikari.pool.HikariPool.<init>(HikariPool.java:108) ~[HikariCP-4.0.3.jar:na]
	at com.zaxxer.hikari.HikariDataSource.getConnection(HikariDataSource.java:112) ~[HikariCP-4.0.3.jar:na]
	at org.hibernate.engine.jdbc.connections.internal.DatasourceConnectionProviderImpl.getConnection(DatasourceConnectionProviderImpl.java:122) ~[hibernate-core-5.6.4.Final.jar:5.6.4.Final]
	at org.hibernate.engine.jdbc.env.internal.JdbcEnvironmentInitiator$ConnectionProviderJdbcConnectionAccess.obtainConnection(JdbcEnvironmentInitiator.java:181) ~[hibernate-core-5.6.4.Final.jar:5.6.4.Final]
	at org.hibernate.resource.transaction.backend.jdbc.internal.DdlTransactionIsolatorNonJtaImpl.getIsolatedConnection(DdlTransactionIsolatorNonJtaImpl.java:44) ~[hibernate-core-5.6.4.Final.jar:5.6.4.Final]
	at org.hibernate.tool.schema.internal.exec.ImprovedExtractionContextImpl.getJdbcConnection(ImprovedExtractionContextImpl.java:63) ~[hibernate-core-5.6.4.Final.jar:5.6.4.Final]
	at org.hibernate.tool.schema.extract.spi.ExtractionContext.getQueryResults(ExtractionContext.java:43) ~[hibernate-core-5.6.4.Final.jar:5.6.4.Final]
	at org.hibernate.tool.schema.extract.internal.SequenceInformationExtractorLegacyImpl.extractMetadata(SequenceInformationExtractorLegacyImpl.java:39) ~[hibernate-core-5.6.4.Final.jar:5.6.4.Final]
	at org.hibernate.tool.schema.extract.internal.DatabaseInformationImpl.initializeSequences(DatabaseInformationImpl.java:66) ~[hibernate-core-5.6.4.Final.jar:5.6.4.Final]
	at org.hibernate.tool.schema.extract.internal.DatabaseInformationImpl.<init>(DatabaseInformationImpl.java:60) ~[hibernate-core-5.6.4.Final.jar:5.6.4.Final]
	at org.hibernate.tool.schema.internal.Helper.buildDatabaseInformation(Helper.java:183) ~[hibernate-core-5.6.4.Final.jar:5.6.4.Final]
	at org.hibernate.tool.schema.internal.AbstractSchemaMigrator.doMigration(AbstractSchemaMigrator.java:104) ~[hibernate-core-5.6.4.Final.jar:5.6.4.Final]
	at org.hibernate.tool.schema.spi.SchemaManagementToolCoordinator.performDatabaseAction(SchemaManagementToolCoordinator.java:192) ~[hibernate-core-5.6.4.Final.jar:5.6.4.Final]
	at org.hibernate.tool.schema.spi.SchemaManagementToolCoordinator.process(SchemaManagementToolCoordinator.java:81) ~[hibernate-core-5.6.4.Final.jar:5.6.4.Final]
	at org.hibernate.internal.SessionFactoryImpl.<init>(SessionFactoryImpl.java:335) ~[hibernate-core-5.6.4.Final.jar:5.6.4.Final]
	at org.hibernate.boot.internal.SessionFactoryBuilderImpl.build(SessionFactoryBuilderImpl.java:471) ~[hibernate-core-5.6.4.Final.jar:5.6.4.Final]
	at org.hibernate.jpa.boot.internal.EntityManagerFactoryBuilderImpl.build(EntityManagerFactoryBuilderImpl.java:1498) ~[hibernate-core-5.6.4.Final.jar:5.6.4.Final]
	at org.springframework.orm.jpa.vendor.SpringHibernateJpaPersistenceProvider.createContainerEntityManagerFactory(SpringHibernateJpaPersistenceProvider.java:58) ~[spring-orm-5.3.15.jar:5.3.15]
	at org.springframework.orm.jpa.LocalContainerEntityManagerFactoryBean.createNativeEntityManagerFactory(LocalContainerEntityManagerFactoryBean.java:365) ~[spring-orm-5.3.15.jar:5.3.15]
	at org.springframework.orm.jpa.AbstractEntityManagerFactoryBean.buildNativeEntityManagerFactory(AbstractEntityManagerFactoryBean.java:409) ~[spring-orm-5.3.15.jar:5.3.15]
	... 20 common frames omitted

2022-02-17 21:49:25.954  INFO 7648 --- [main] com.api.saludo.ApiSaludoApplication      : Starting ApiSaludoApplication using Java 17.0.1 on e-grodelo with PID 7648 (C:\Users\e-grodelo\Documents\Proyecto\ActividadFinal\api-saludo\bin\main started by e-grodelo in C:\Users\e-grodelo\Documents\Proyecto\ActividadFinal\api-saludo)
2022-02-17 21:49:25.958  INFO 7648 --- [main] com.api.saludo.ApiSaludoApplication      : No active profile set, falling back to default profiles: default
2022-02-17 21:49:26.549  INFO 7648 --- [main] .s.d.r.c.RepositoryConfigurationDelegate : Bootstrapping Spring Data JPA repositories in DEFAULT mode.
2022-02-17 21:49:26.607  INFO 7648 --- [main] .s.d.r.c.RepositoryConfigurationDelegate : Finished Spring Data repository scanning in 49 ms. Found 1 JPA repository interfaces.
2022-02-17 21:49:27.064  INFO 7648 --- [main] o.s.b.w.embedded.tomcat.TomcatWebServer  : Tomcat initialized with port(s): 8080 (http)
2022-02-17 21:49:27.071  INFO 7648 --- [main] o.apache.catalina.core.StandardService   : Starting service [Tomcat]
2022-02-17 21:49:27.071  INFO 7648 --- [main] org.apache.catalina.core.StandardEngine  : Starting Servlet engine: [Apache Tomcat/9.0.56]
2022-02-17 21:49:27.173  INFO 7648 --- [main] o.a.c.c.C.[Tomcat].[localhost].[/]       : Initializing Spring embedded WebApplicationContext
2022-02-17 21:49:27.174  INFO 7648 --- [main] w.s.c.ServletWebServerApplicationContext : Root WebApplicationContext: initialization completed in 1155 ms
2022-02-17 21:49:27.280  INFO 7648 --- [main] o.hibernate.jpa.internal.util.LogHelper  : HHH000204: Processing PersistenceUnitInfo [name: default]
2022-02-17 21:49:27.324  INFO 7648 --- [main] org.hibernate.Version                    : HHH000412: Hibernate ORM core version 5.6.4.Final
2022-02-17 21:49:27.470  INFO 7648 --- [main] o.hibernate.annotations.common.Version   : HCANN000001: Hibernate Commons Annotations {5.1.2.Final}
2022-02-17 21:49:27.565  INFO 7648 --- [main] com.zaxxer.hikari.HikariDataSource       : HikariPool-1 - Starting...
2022-02-17 21:49:28.626 ERROR 7648 --- [main] com.zaxxer.hikari.pool.HikariPool        : HikariPool-1 - Exception during pool initialization.

org.postgresql.util.PSQLException: The connection attempt failed.
	at org.postgresql.core.v3.ConnectionFactoryImpl.openConnectionImpl(ConnectionFactoryImpl.java:313) ~[postgresql-42.3.1.jar:42.3.1]
	at org.postgresql.core.ConnectionFactory.openConnection(ConnectionFactory.java:51) ~[postgresql-42.3.1.jar:42.3.1]
	at org.postgresql.jdbc.PgConnection.<init>(PgConnection.java:225) ~[postgresql-42.3.1.jar:42.3.1]
	at org.postgresql.Driver.makeConnection(Driver.java:466) ~[postgresql-42.3.1.jar:42.3.1]
	at org.postgresql.Driver.connect(Driver.java:265) ~[postgresql-42.3.1.jar:42.3.1]
	at com.zaxxer.hikari.util.DriverDataSource.getConnection(DriverDataSource.java:138) ~[HikariCP-4.0.3.jar:na]
	at com.zaxxer.hikari.pool.PoolBase.newConnection(PoolBase.java:364) ~[HikariCP-4.0.3.jar:na]
	at com.zaxxer.hikari.pool.PoolBase.newPoolEntry(PoolBase.java:206) ~[HikariCP-4.0.3.jar:na]
	at com.zaxxer.hikari.pool.HikariPool.createPoolEntry(HikariPool.java:476) ~[HikariCP-4.0.3.jar:na]
	at com.zaxxer.hikari.pool.HikariPool.checkFailFast(HikariPool.java:561) ~[HikariCP-4.0.3.jar:na]
	at com.zaxxer.hikari.pool.HikariPool.<init>(HikariPool.java:115) ~[HikariCP-4.0.3.jar:na]
	at com.zaxxer.hikari.HikariDataSource.getConnection(HikariDataSource.java:112) ~[HikariCP-4.0.3.jar:na]
	at org.hibernate.engine.jdbc.connections.internal.DatasourceConnectionProviderImpl.getConnection(DatasourceConnectionProviderImpl.java:122) ~[hibernate-core-5.6.4.Final.jar:5.6.4.Final]
	at org.hibernate.engine.jdbc.env.internal.JdbcEnvironmentInitiator$ConnectionProviderJdbcConnectionAccess.obtainConnection(JdbcEnvironmentInitiator.java:181) ~[hibernate-core-5.6.4.Final.jar:5.6.4.Final]
	at org.hibernate.engine.jdbc.env.internal.JdbcEnvironmentInitiator.initiateService(JdbcEnvironmentInitiator.java:68) ~[hibernate-core-5.6.4.Final.jar:5.6.4.Final]
	at org.hibernate.engine.jdbc.env.internal.JdbcEnvironmentInitiator.initiateService(JdbcEnvironmentInitiator.java:35) ~[hibernate-core-5.6.4.Final.jar:5.6.4.Final]
	at org.hibernate.boot.registry.internal.StandardServiceRegistryImpl.initiateService(StandardServiceRegistryImpl.java:101) ~[hibernate-core-5.6.4.Final.jar:5.6.4.Final]
	at org.hibernate.service.internal.AbstractServiceRegistryImpl.createService(AbstractServiceRegistryImpl.java:263) ~[hibernate-core-5.6.4.Final.jar:5.6.4.Final]
	at org.hibernate.service.internal.AbstractServiceRegistryImpl.initializeService(AbstractServiceRegistryImpl.java:237) ~[hibernate-core-5.6.4.Final.jar:5.6.4.Final]
	at org.hibernate.service.internal.AbstractServiceRegistryImpl.getService(AbstractServiceRegistryImpl.java:214) ~[hibernate-core-5.6.4.Final.jar:5.6.4.Final]
	at org.hibernate.id.factory.internal.DefaultIdentifierGeneratorFactory.injectServices(DefaultIdentifierGeneratorFactory.java:175) ~[hibernate-core-5.6.4.Final.jar:5.6.4.Final]
	at org.hibernate.service.internal.AbstractServiceRegistryImpl.injectDependencies(AbstractServiceRegistryImpl.java:286) ~[hibernate-core-5.6.4.Final.jar:5.6.4.Final]
	at org.hibernate.service.internal.AbstractServiceRegistryImpl.initializeService(AbstractServiceRegistryImpl.java:243) ~[hibernate-core-5.6.4.Final.jar:5.6.4.Final]
	at org.hibernate.service.internal.AbstractServiceRegistryImpl.getService(AbstractServiceRegistryImpl.java:214) ~[hibernate-core-5.6.4.Final.jar:5.6.4.Final]
	at org.hibernate.boot.internal.InFlightMetadataCollectorImpl.<init>(InFlightMetadataCollectorImpl.java:173) ~[hibernate-core-5.6.4.Final.jar:5.6.4.Final]
	at org.hibernate.boot.model.process.spi.MetadataBuildingProcess.complete(MetadataBuildingProcess.java:127) ~[hibernate-core-5.6.4.Final.jar:5.6.4.Final]
	at org.hibernate.jpa.boot.internal.EntityManagerFactoryBuilderImpl.metadata(EntityManagerFactoryBuilderImpl.java:1460) ~[hibernate-core-5.6.4.Final.jar:5.6.4.Final]
	at org.hibernate.jpa.boot.internal.EntityManagerFactoryBuilderImpl.build(EntityManagerFactoryBuilderImpl.java:1494) ~[hibernate-core-5.6.4.Final.jar:5.6.4.Final]
	at org.springframework.orm.jpa.vendor.SpringHibernateJpaPersistenceProvider.createContainerEntityManagerFactory(SpringHibernateJpaPersistenceProvider.java:58) ~[spring-orm-5.3.15.jar:5.3.15]
	at org.springframework.orm.jpa.LocalContainerEntityManagerFactoryBean.createNativeEntityManagerFactory(LocalContainerEntityManagerFactoryBean.java:365) ~[spring-orm-5.3.15.jar:5.3.15]
	at org.springframework.orm.jpa.AbstractEntityManagerFactoryBean.buildNativeEntityManagerFactory(AbstractEntityManagerFactoryBean.java:409) ~[spring-orm-5.3.15.jar:5.3.15]
	at org.springframework.orm.jpa.AbstractEntityManagerFactoryBean.afterPropertiesSet(AbstractEntityManagerFactoryBean.java:396) ~[spring-orm-5.3.15.jar:5.3.15]
	at org.springframework.orm.jpa.LocalContainerEntityManagerFactoryBean.afterPropertiesSet(LocalContainerEntityManagerFactoryBean.java:341) ~[spring-orm-5.3.15.jar:5.3.15]
	at org.springframework.beans.factory.support.AbstractAutowireCapableBeanFactory.invokeInitMethods(AbstractAutowireCapableBeanFactory.java:1863) ~[spring-beans-5.3.15.jar:5.3.15]
	at org.springframework.beans.factory.support.AbstractAutowireCapableBeanFactory.initializeBean(AbstractAutowireCapableBeanFactory.java:1800) ~[spring-beans-5.3.15.jar:5.3.15]
	at org.springframework.beans.factory.support.AbstractAutowireCapableBeanFactory.doCreateBean(AbstractAutowireCapableBeanFactory.java:620) ~[spring-beans-5.3.15.jar:5.3.15]
	at org.springframework.beans.factory.support.AbstractAutowireCapableBeanFactory.createBean(AbstractAutowireCapableBeanFactory.java:542) ~[spring-beans-5.3.15.jar:5.3.15]
	at org.springframework.beans.factory.support.AbstractBeanFactory.lambda$doGetBean$0(AbstractBeanFactory.java:335) ~[spring-beans-5.3.15.jar:5.3.15]
	at org.springframework.beans.factory.support.DefaultSingletonBeanRegistry.getSingleton(DefaultSingletonBeanRegistry.java:234) ~[spring-beans-5.3.15.jar:5.3.15]
	at org.springframework.beans.factory.support.AbstractBeanFactory.doGetBean(AbstractBeanFactory.java:333) ~[spring-beans-5.3.15.jar:5.3.15]
	at org.springframework.beans.factory.support.AbstractBeanFactory.getBean(AbstractBeanFactory.java:208) ~[spring-beans-5.3.15.jar:5.3.15]
	at org.springframework.context.support.AbstractApplicationContext.getBean(AbstractApplicationContext.java:1154) ~[spring-context-5.3.15.jar:5.3.15]
	at org.springframework.context.support.AbstractApplicationContext.finishBeanFactoryInitialization(AbstractApplicationContext.java:908) ~[spring-context-5.3.15.jar:5.3.15]
	at org.springframework.context.support.AbstractApplicationContext.refresh(AbstractApplicationContext.java:583) ~[spring-context-5.3.15.jar:5.3.15]
	at org.springframework.boot.web.servlet.context.ServletWebServerApplicationContext.refresh(ServletWebServerApplicationContext.java:145) ~[spring-boot-2.6.3.jar:2.6.3]
	at org.springframework.boot.SpringApplication.refresh(SpringApplication.java:732) ~[spring-boot-2.6.3.jar:2.6.3]
	at org.springframework.boot.SpringApplication.refreshContext(SpringApplication.java:414) ~[spring-boot-2.6.3.jar:2.6.3]
	at org.springframework.boot.SpringApplication.run(SpringApplication.java:302) ~[spring-boot-2.6.3.jar:2.6.3]
	at org.springframework.boot.SpringApplication.run(SpringApplication.java:1303) ~[spring-boot-2.6.3.jar:2.6.3]
	at org.springframework.boot.SpringApplication.run(SpringApplication.java:1292) ~[spring-boot-2.6.3.jar:2.6.3]
	at com.api.saludo.ApiSaludoApplication.main(ApiSaludoApplication.java:10) ~[main/:na]
Caused by: java.net.UnknownHostException: vvopkqlsapvgfm:a3a04713480aa6a69796ee63ceffa813fbc51d5bf4220c6d9ae6ecfdabc3346b@ec2-3-219-204-29.compute-1.amazonaws.com
	at java.base/sun.nio.ch.NioSocketImpl.connect(NioSocketImpl.java:567) ~[na:na]
	at java.base/java.net.SocksSocketImpl.connect(SocksSocketImpl.java:327) ~[na:na]
	at java.base/java.net.Socket.connect(Socket.java:633) ~[na:na]
	at org.postgresql.core.PGStream.createSocket(PGStream.java:238) ~[postgresql-42.3.1.jar:42.3.1]
	at org.postgresql.core.PGStream.<init>(PGStream.java:98) ~[postgresql-42.3.1.jar:42.3.1]
	at org.postgresql.core.v3.ConnectionFactoryImpl.tryConnect(ConnectionFactoryImpl.java:100) ~[postgresql-42.3.1.jar:42.3.1]
	at org.postgresql.core.v3.ConnectionFactoryImpl.openConnectionImpl(ConnectionFactoryImpl.java:215) ~[postgresql-42.3.1.jar:42.3.1]
	... 50 common frames omitted

2022-02-17 21:49:28.628  WARN 7648 --- [main] o.h.e.j.e.i.JdbcEnvironmentInitiator     : HHH000342: Could not obtain connection to query metadata

org.postgresql.util.PSQLException: The connection attempt failed.
	at org.postgresql.core.v3.ConnectionFactoryImpl.openConnectionImpl(ConnectionFactoryImpl.java:313) ~[postgresql-42.3.1.jar:42.3.1]
	at org.postgresql.core.ConnectionFactory.openConnection(ConnectionFactory.java:51) ~[postgresql-42.3.1.jar:42.3.1]
	at org.postgresql.jdbc.PgConnection.<init>(PgConnection.java:225) ~[postgresql-42.3.1.jar:42.3.1]
	at org.postgresql.Driver.makeConnection(Driver.java:466) ~[postgresql-42.3.1.jar:42.3.1]
	at org.postgresql.Driver.connect(Driver.java:265) ~[postgresql-42.3.1.jar:42.3.1]
	at com.zaxxer.hikari.util.DriverDataSource.getConnection(DriverDataSource.java:138) ~[HikariCP-4.0.3.jar:na]
	at com.zaxxer.hikari.pool.PoolBase.newConnection(PoolBase.java:364) ~[HikariCP-4.0.3.jar:na]
	at com.zaxxer.hikari.pool.PoolBase.newPoolEntry(PoolBase.java:206) ~[HikariCP-4.0.3.jar:na]
	at com.zaxxer.hikari.pool.HikariPool.createPoolEntry(HikariPool.java:476) ~[HikariCP-4.0.3.jar:na]
	at com.zaxxer.hikari.pool.HikariPool.checkFailFast(HikariPool.java:561) ~[HikariCP-4.0.3.jar:na]
	at com.zaxxer.hikari.pool.HikariPool.<init>(HikariPool.java:115) ~[HikariCP-4.0.3.jar:na]
	at com.zaxxer.hikari.HikariDataSource.getConnection(HikariDataSource.java:112) ~[HikariCP-4.0.3.jar:na]
	at org.hibernate.engine.jdbc.connections.internal.DatasourceConnectionProviderImpl.getConnection(DatasourceConnectionProviderImpl.java:122) ~[hibernate-core-5.6.4.Final.jar:5.6.4.Final]
	at org.hibernate.engine.jdbc.env.internal.JdbcEnvironmentInitiator$ConnectionProviderJdbcConnectionAccess.obtainConnection(JdbcEnvironmentInitiator.java:181) ~[hibernate-core-5.6.4.Final.jar:5.6.4.Final]
	at org.hibernate.engine.jdbc.env.internal.JdbcEnvironmentInitiator.initiateService(JdbcEnvironmentInitiator.java:68) ~[hibernate-core-5.6.4.Final.jar:5.6.4.Final]
	at org.hibernate.engine.jdbc.env.internal.JdbcEnvironmentInitiator.initiateService(JdbcEnvironmentInitiator.java:35) ~[hibernate-core-5.6.4.Final.jar:5.6.4.Final]
	at org.hibernate.boot.registry.internal.StandardServiceRegistryImpl.initiateService(StandardServiceRegistryImpl.java:101) ~[hibernate-core-5.6.4.Final.jar:5.6.4.Final]
	at org.hibernate.service.internal.AbstractServiceRegistryImpl.createService(AbstractServiceRegistryImpl.java:263) ~[hibernate-core-5.6.4.Final.jar:5.6.4.Final]
	at org.hibernate.service.internal.AbstractServiceRegistryImpl.initializeService(AbstractServiceRegistryImpl.java:237) ~[hibernate-core-5.6.4.Final.jar:5.6.4.Final]
	at org.hibernate.service.internal.AbstractServiceRegistryImpl.getService(AbstractServiceRegistryImpl.java:214) ~[hibernate-core-5.6.4.Final.jar:5.6.4.Final]
	at org.hibernate.id.factory.internal.DefaultIdentifierGeneratorFactory.injectServices(DefaultIdentifierGeneratorFactory.java:175) ~[hibernate-core-5.6.4.Final.jar:5.6.4.Final]
	at org.hibernate.service.internal.AbstractServiceRegistryImpl.injectDependencies(AbstractServiceRegistryImpl.java:286) ~[hibernate-core-5.6.4.Final.jar:5.6.4.Final]
	at org.hibernate.service.internal.AbstractServiceRegistryImpl.initializeService(AbstractServiceRegistryImpl.java:243) ~[hibernate-core-5.6.4.Final.jar:5.6.4.Final]
	at org.hibernate.service.internal.AbstractServiceRegistryImpl.getService(AbstractServiceRegistryImpl.java:214) ~[hibernate-core-5.6.4.Final.jar:5.6.4.Final]
	at org.hibernate.boot.internal.InFlightMetadataCollectorImpl.<init>(InFlightMetadataCollectorImpl.java:173) ~[hibernate-core-5.6.4.Final.jar:5.6.4.Final]
	at org.hibernate.boot.model.process.spi.MetadataBuildingProcess.complete(MetadataBuildingProcess.java:127) ~[hibernate-core-5.6.4.Final.jar:5.6.4.Final]
	at org.hibernate.jpa.boot.internal.EntityManagerFactoryBuilderImpl.metadata(EntityManagerFactoryBuilderImpl.java:1460) ~[hibernate-core-5.6.4.Final.jar:5.6.4.Final]
	at org.hibernate.jpa.boot.internal.EntityManagerFactoryBuilderImpl.build(EntityManagerFactoryBuilderImpl.java:1494) ~[hibernate-core-5.6.4.Final.jar:5.6.4.Final]
	at org.springframework.orm.jpa.vendor.SpringHibernateJpaPersistenceProvider.createContainerEntityManagerFactory(SpringHibernateJpaPersistenceProvider.java:58) ~[spring-orm-5.3.15.jar:5.3.15]
	at org.springframework.orm.jpa.LocalContainerEntityManagerFactoryBean.createNativeEntityManagerFactory(LocalContainerEntityManagerFactoryBean.java:365) ~[spring-orm-5.3.15.jar:5.3.15]
	at org.springframework.orm.jpa.AbstractEntityManagerFactoryBean.buildNativeEntityManagerFactory(AbstractEntityManagerFactoryBean.java:409) ~[spring-orm-5.3.15.jar:5.3.15]
	at org.springframework.orm.jpa.AbstractEntityManagerFactoryBean.afterPropertiesSet(AbstractEntityManagerFactoryBean.java:396) ~[spring-orm-5.3.15.jar:5.3.15]
	at org.springframework.orm.jpa.LocalContainerEntityManagerFactoryBean.afterPropertiesSet(LocalContainerEntityManagerFactoryBean.java:341) ~[spring-orm-5.3.15.jar:5.3.15]
	at org.springframework.beans.factory.support.AbstractAutowireCapableBeanFactory.invokeInitMethods(AbstractAutowireCapableBeanFactory.java:1863) ~[spring-beans-5.3.15.jar:5.3.15]
	at org.springframework.beans.factory.support.AbstractAutowireCapableBeanFactory.initializeBean(AbstractAutowireCapableBeanFactory.java:1800) ~[spring-beans-5.3.15.jar:5.3.15]
	at org.springframework.beans.factory.support.AbstractAutowireCapableBeanFactory.doCreateBean(AbstractAutowireCapableBeanFactory.java:620) ~[spring-beans-5.3.15.jar:5.3.15]
	at org.springframework.beans.factory.support.AbstractAutowireCapableBeanFactory.createBean(AbstractAutowireCapableBeanFactory.java:542) ~[spring-beans-5.3.15.jar:5.3.15]
	at org.springframework.beans.factory.support.AbstractBeanFactory.lambda$doGetBean$0(AbstractBeanFactory.java:335) ~[spring-beans-5.3.15.jar:5.3.15]
	at org.springframework.beans.factory.support.DefaultSingletonBeanRegistry.getSingleton(DefaultSingletonBeanRegistry.java:234) ~[spring-beans-5.3.15.jar:5.3.15]
	at org.springframework.beans.factory.support.AbstractBeanFactory.doGetBean(AbstractBeanFactory.java:333) ~[spring-beans-5.3.15.jar:5.3.15]
	at org.springframework.beans.factory.support.AbstractBeanFactory.getBean(AbstractBeanFactory.java:208) ~[spring-beans-5.3.15.jar:5.3.15]
	at org.springframework.context.support.AbstractApplicationContext.getBean(AbstractApplicationContext.java:1154) ~[spring-context-5.3.15.jar:5.3.15]
	at org.springframework.context.support.AbstractApplicationContext.finishBeanFactoryInitialization(AbstractApplicationContext.java:908) ~[spring-context-5.3.15.jar:5.3.15]
	at org.springframework.context.support.AbstractApplicationContext.refresh(AbstractApplicationContext.java:583) ~[spring-context-5.3.15.jar:5.3.15]
	at org.springframework.boot.web.servlet.context.ServletWebServerApplicationContext.refresh(ServletWebServerApplicationContext.java:145) ~[spring-boot-2.6.3.jar:2.6.3]
	at org.springframework.boot.SpringApplication.refresh(SpringApplication.java:732) ~[spring-boot-2.6.3.jar:2.6.3]
	at org.springframework.boot.SpringApplication.refreshContext(SpringApplication.java:414) ~[spring-boot-2.6.3.jar:2.6.3]
	at org.springframework.boot.SpringApplication.run(SpringApplication.java:302) ~[spring-boot-2.6.3.jar:2.6.3]
	at org.springframework.boot.SpringApplication.run(SpringApplication.java:1303) ~[spring-boot-2.6.3.jar:2.6.3]
	at org.springframework.boot.SpringApplication.run(SpringApplication.java:1292) ~[spring-boot-2.6.3.jar:2.6.3]
	at com.api.saludo.ApiSaludoApplication.main(ApiSaludoApplication.java:10) ~[main/:na]
Caused by: java.net.UnknownHostException: vvopkqlsapvgfm:a3a04713480aa6a69796ee63ceffa813fbc51d5bf4220c6d9ae6ecfdabc3346b@ec2-3-219-204-29.compute-1.amazonaws.com
	at java.base/sun.nio.ch.NioSocketImpl.connect(NioSocketImpl.java:567) ~[na:na]
	at java.base/java.net.SocksSocketImpl.connect(SocksSocketImpl.java:327) ~[na:na]
	at java.base/java.net.Socket.connect(Socket.java:633) ~[na:na]
	at org.postgresql.core.PGStream.createSocket(PGStream.java:238) ~[postgresql-42.3.1.jar:42.3.1]
	at org.postgresql.core.PGStream.<init>(PGStream.java:98) ~[postgresql-42.3.1.jar:42.3.1]
	at org.postgresql.core.v3.ConnectionFactoryImpl.tryConnect(ConnectionFactoryImpl.java:100) ~[postgresql-42.3.1.jar:42.3.1]
	at org.postgresql.core.v3.ConnectionFactoryImpl.openConnectionImpl(ConnectionFactoryImpl.java:215) ~[postgresql-42.3.1.jar:42.3.1]
	... 50 common frames omitted

2022-02-17 21:49:28.640  INFO 7648 --- [main] org.hibernate.dialect.Dialect            : HHH000400: Using dialect: org.hibernate.dialect.PostgreSQLDialect
2022-02-17 21:49:29.153  INFO 7648 --- [main] com.zaxxer.hikari.HikariDataSource       : HikariPool-1 - Starting...
2022-02-17 21:49:30.167 ERROR 7648 --- [main] com.zaxxer.hikari.pool.HikariPool        : HikariPool-1 - Exception during pool initialization.

org.postgresql.util.PSQLException: The connection attempt failed.
	at org.postgresql.core.v3.ConnectionFactoryImpl.openConnectionImpl(ConnectionFactoryImpl.java:313) ~[postgresql-42.3.1.jar:42.3.1]
	at org.postgresql.core.ConnectionFactory.openConnection(ConnectionFactory.java:51) ~[postgresql-42.3.1.jar:42.3.1]
	at org.postgresql.jdbc.PgConnection.<init>(PgConnection.java:225) ~[postgresql-42.3.1.jar:42.3.1]
	at org.postgresql.Driver.makeConnection(Driver.java:466) ~[postgresql-42.3.1.jar:42.3.1]
	at org.postgresql.Driver.connect(Driver.java:265) ~[postgresql-42.3.1.jar:42.3.1]
	at com.zaxxer.hikari.util.DriverDataSource.getConnection(DriverDataSource.java:138) ~[HikariCP-4.0.3.jar:na]
	at com.zaxxer.hikari.pool.PoolBase.newConnection(PoolBase.java:364) ~[HikariCP-4.0.3.jar:na]
	at com.zaxxer.hikari.pool.PoolBase.newPoolEntry(PoolBase.java:206) ~[HikariCP-4.0.3.jar:na]
	at com.zaxxer.hikari.pool.HikariPool.createPoolEntry(HikariPool.java:476) ~[HikariCP-4.0.3.jar:na]
	at com.zaxxer.hikari.pool.HikariPool.checkFailFast(HikariPool.java:561) ~[HikariCP-4.0.3.jar:na]
	at com.zaxxer.hikari.pool.HikariPool.<init>(HikariPool.java:115) ~[HikariCP-4.0.3.jar:na]
	at com.zaxxer.hikari.HikariDataSource.getConnection(HikariDataSource.java:112) ~[HikariCP-4.0.3.jar:na]
	at org.hibernate.engine.jdbc.connections.internal.DatasourceConnectionProviderImpl.getConnection(DatasourceConnectionProviderImpl.java:122) ~[hibernate-core-5.6.4.Final.jar:5.6.4.Final]
	at org.hibernate.engine.jdbc.env.internal.JdbcEnvironmentInitiator$ConnectionProviderJdbcConnectionAccess.obtainConnection(JdbcEnvironmentInitiator.java:181) ~[hibernate-core-5.6.4.Final.jar:5.6.4.Final]
	at org.hibernate.resource.transaction.backend.jdbc.internal.DdlTransactionIsolatorNonJtaImpl.getIsolatedConnection(DdlTransactionIsolatorNonJtaImpl.java:44) ~[hibernate-core-5.6.4.Final.jar:5.6.4.Final]
	at org.hibernate.tool.schema.internal.exec.ImprovedExtractionContextImpl.getJdbcConnection(ImprovedExtractionContextImpl.java:63) ~[hibernate-core-5.6.4.Final.jar:5.6.4.Final]
	at org.hibernate.tool.schema.extract.spi.ExtractionContext.getQueryResults(ExtractionContext.java:43) ~[hibernate-core-5.6.4.Final.jar:5.6.4.Final]
	at org.hibernate.tool.schema.extract.internal.SequenceInformationExtractorLegacyImpl.extractMetadata(SequenceInformationExtractorLegacyImpl.java:39) ~[hibernate-core-5.6.4.Final.jar:5.6.4.Final]
	at org.hibernate.tool.schema.extract.internal.DatabaseInformationImpl.initializeSequences(DatabaseInformationImpl.java:66) ~[hibernate-core-5.6.4.Final.jar:5.6.4.Final]
	at org.hibernate.tool.schema.extract.internal.DatabaseInformationImpl.<init>(DatabaseInformationImpl.java:60) ~[hibernate-core-5.6.4.Final.jar:5.6.4.Final]
	at org.hibernate.tool.schema.internal.Helper.buildDatabaseInformation(Helper.java:183) ~[hibernate-core-5.6.4.Final.jar:5.6.4.Final]
	at org.hibernate.tool.schema.internal.AbstractSchemaMigrator.doMigration(AbstractSchemaMigrator.java:104) ~[hibernate-core-5.6.4.Final.jar:5.6.4.Final]
	at org.hibernate.tool.schema.spi.SchemaManagementToolCoordinator.performDatabaseAction(SchemaManagementToolCoordinator.java:192) ~[hibernate-core-5.6.4.Final.jar:5.6.4.Final]
	at org.hibernate.tool.schema.spi.SchemaManagementToolCoordinator.process(SchemaManagementToolCoordinator.java:81) ~[hibernate-core-5.6.4.Final.jar:5.6.4.Final]
	at org.hibernate.internal.SessionFactoryImpl.<init>(SessionFactoryImpl.java:335) ~[hibernate-core-5.6.4.Final.jar:5.6.4.Final]
	at org.hibernate.boot.internal.SessionFactoryBuilderImpl.build(SessionFactoryBuilderImpl.java:471) ~[hibernate-core-5.6.4.Final.jar:5.6.4.Final]
	at org.hibernate.jpa.boot.internal.EntityManagerFactoryBuilderImpl.build(EntityManagerFactoryBuilderImpl.java:1498) ~[hibernate-core-5.6.4.Final.jar:5.6.4.Final]
	at org.springframework.orm.jpa.vendor.SpringHibernateJpaPersistenceProvider.createContainerEntityManagerFactory(SpringHibernateJpaPersistenceProvider.java:58) ~[spring-orm-5.3.15.jar:5.3.15]
	at org.springframework.orm.jpa.LocalContainerEntityManagerFactoryBean.createNativeEntityManagerFactory(LocalContainerEntityManagerFactoryBean.java:365) ~[spring-orm-5.3.15.jar:5.3.15]
	at org.springframework.orm.jpa.AbstractEntityManagerFactoryBean.buildNativeEntityManagerFactory(AbstractEntityManagerFactoryBean.java:409) ~[spring-orm-5.3.15.jar:5.3.15]
	at org.springframework.orm.jpa.AbstractEntityManagerFactoryBean.afterPropertiesSet(AbstractEntityManagerFactoryBean.java:396) ~[spring-orm-5.3.15.jar:5.3.15]
	at org.springframework.orm.jpa.LocalContainerEntityManagerFactoryBean.afterPropertiesSet(LocalContainerEntityManagerFactoryBean.java:341) ~[spring-orm-5.3.15.jar:5.3.15]
	at org.springframework.beans.factory.support.AbstractAutowireCapableBeanFactory.invokeInitMethods(AbstractAutowireCapableBeanFactory.java:1863) ~[spring-beans-5.3.15.jar:5.3.15]
	at org.springframework.beans.factory.support.AbstractAutowireCapableBeanFactory.initializeBean(AbstractAutowireCapableBeanFactory.java:1800) ~[spring-beans-5.3.15.jar:5.3.15]
	at org.springframework.beans.factory.support.AbstractAutowireCapableBeanFactory.doCreateBean(AbstractAutowireCapableBeanFactory.java:620) ~[spring-beans-5.3.15.jar:5.3.15]
	at org.springframework.beans.factory.support.AbstractAutowireCapableBeanFactory.createBean(AbstractAutowireCapableBeanFactory.java:542) ~[spring-beans-5.3.15.jar:5.3.15]
	at org.springframework.beans.factory.support.AbstractBeanFactory.lambda$doGetBean$0(AbstractBeanFactory.java:335) ~[spring-beans-5.3.15.jar:5.3.15]
	at org.springframework.beans.factory.support.DefaultSingletonBeanRegistry.getSingleton(DefaultSingletonBeanRegistry.java:234) ~[spring-beans-5.3.15.jar:5.3.15]
	at org.springframework.beans.factory.support.AbstractBeanFactory.doGetBean(AbstractBeanFactory.java:333) ~[spring-beans-5.3.15.jar:5.3.15]
	at org.springframework.beans.factory.support.AbstractBeanFactory.getBean(AbstractBeanFactory.java:208) ~[spring-beans-5.3.15.jar:5.3.15]
	at org.springframework.context.support.AbstractApplicationContext.getBean(AbstractApplicationContext.java:1154) ~[spring-context-5.3.15.jar:5.3.15]
	at org.springframework.context.support.AbstractApplicationContext.finishBeanFactoryInitialization(AbstractApplicationContext.java:908) ~[spring-context-5.3.15.jar:5.3.15]
	at org.springframework.context.support.AbstractApplicationContext.refresh(AbstractApplicationContext.java:583) ~[spring-context-5.3.15.jar:5.3.15]
	at org.springframework.boot.web.servlet.context.ServletWebServerApplicationContext.refresh(ServletWebServerApplicationContext.java:145) ~[spring-boot-2.6.3.jar:2.6.3]
	at org.springframework.boot.SpringApplication.refresh(SpringApplication.java:732) ~[spring-boot-2.6.3.jar:2.6.3]
	at org.springframework.boot.SpringApplication.refreshContext(SpringApplication.java:414) ~[spring-boot-2.6.3.jar:2.6.3]
	at org.springframework.boot.SpringApplication.run(SpringApplication.java:302) ~[spring-boot-2.6.3.jar:2.6.3]
	at org.springframework.boot.SpringApplication.run(SpringApplication.java:1303) ~[spring-boot-2.6.3.jar:2.6.3]
	at org.springframework.boot.SpringApplication.run(SpringApplication.java:1292) ~[spring-boot-2.6.3.jar:2.6.3]
	at com.api.saludo.ApiSaludoApplication.main(ApiSaludoApplication.java:10) ~[main/:na]
Caused by: java.net.UnknownHostException: vvopkqlsapvgfm:a3a04713480aa6a69796ee63ceffa813fbc51d5bf4220c6d9ae6ecfdabc3346b@ec2-3-219-204-29.compute-1.amazonaws.com
	at java.base/sun.nio.ch.NioSocketImpl.connect(NioSocketImpl.java:567) ~[na:na]
	at java.base/java.net.SocksSocketImpl.connect(SocksSocketImpl.java:327) ~[na:na]
	at java.base/java.net.Socket.connect(Socket.java:633) ~[na:na]
	at org.postgresql.core.PGStream.createSocket(PGStream.java:238) ~[postgresql-42.3.1.jar:42.3.1]
	at org.postgresql.core.PGStream.<init>(PGStream.java:98) ~[postgresql-42.3.1.jar:42.3.1]
	at org.postgresql.core.v3.ConnectionFactoryImpl.tryConnect(ConnectionFactoryImpl.java:100) ~[postgresql-42.3.1.jar:42.3.1]
	at org.postgresql.core.v3.ConnectionFactoryImpl.openConnectionImpl(ConnectionFactoryImpl.java:215) ~[postgresql-42.3.1.jar:42.3.1]
	... 49 common frames omitted

2022-02-17 21:49:30.169  WARN 7648 --- [main] o.h.engine.jdbc.spi.SqlExceptionHelper   : SQL Error: 0, SQLState: 08001
2022-02-17 21:49:30.172 ERROR 7648 --- [main] o.h.engine.jdbc.spi.SqlExceptionHelper   : The connection attempt failed.
2022-02-17 21:49:30.178 ERROR 7648 --- [main] j.LocalContainerEntityManagerFactoryBean : Failed to initialize JPA EntityManagerFactory: [PersistenceUnit: default] Unable to build Hibernate SessionFactory; nested exception is org.hibernate.exception.JDBCConnectionException: Unable to open JDBC Connection for DDL execution
2022-02-17 21:49:30.178  WARN 7648 --- [main] ConfigServletWebServerApplicationContext : Exception encountered during context initialization - cancelling refresh attempt: org.springframework.beans.factory.BeanCreationException: Error creating bean with name 'entityManagerFactory' defined in class path resource [org/springframework/boot/autoconfigure/orm/jpa/HibernateJpaConfiguration.class]: Invocation of init method failed; nested exception is javax.persistence.PersistenceException: [PersistenceUnit: default] Unable to build Hibernate SessionFactory; nested exception is org.hibernate.exception.JDBCConnectionException: Unable to open JDBC Connection for DDL execution
2022-02-17 21:49:30.180  INFO 7648 --- [main] o.apache.catalina.core.StandardService   : Stopping service [Tomcat]
2022-02-17 21:49:30.190  INFO 7648 --- [main] ConditionEvaluationReportLoggingListener : 

Error starting ApplicationContext. To display the conditions report re-run your application with 'debug' enabled.
2022-02-17 21:49:30.209 ERROR 7648 --- [main] o.s.boot.SpringApplication               : Application run failed

org.springframework.beans.factory.BeanCreationException: Error creating bean with name 'entityManagerFactory' defined in class path resource [org/springframework/boot/autoconfigure/orm/jpa/HibernateJpaConfiguration.class]: Invocation of init method failed; nested exception is javax.persistence.PersistenceException: [PersistenceUnit: default] Unable to build Hibernate SessionFactory; nested exception is org.hibernate.exception.JDBCConnectionException: Unable to open JDBC Connection for DDL execution
	at org.springframework.beans.factory.support.AbstractAutowireCapableBeanFactory.initializeBean(AbstractAutowireCapableBeanFactory.java:1804) ~[spring-beans-5.3.15.jar:5.3.15]
	at org.springframework.beans.factory.support.AbstractAutowireCapableBeanFactory.doCreateBean(AbstractAutowireCapableBeanFactory.java:620) ~[spring-beans-5.3.15.jar:5.3.15]
	at org.springframework.beans.factory.support.AbstractAutowireCapableBeanFactory.createBean(AbstractAutowireCapableBeanFactory.java:542) ~[spring-beans-5.3.15.jar:5.3.15]
	at org.springframework.beans.factory.support.AbstractBeanFactory.lambda$doGetBean$0(AbstractBeanFactory.java:335) ~[spring-beans-5.3.15.jar:5.3.15]
	at org.springframework.beans.factory.support.DefaultSingletonBeanRegistry.getSingleton(DefaultSingletonBeanRegistry.java:234) ~[spring-beans-5.3.15.jar:5.3.15]
	at org.springframework.beans.factory.support.AbstractBeanFactory.doGetBean(AbstractBeanFactory.java:333) ~[spring-beans-5.3.15.jar:5.3.15]
	at org.springframework.beans.factory.support.AbstractBeanFactory.getBean(AbstractBeanFactory.java:208) ~[spring-beans-5.3.15.jar:5.3.15]
	at org.springframework.context.support.AbstractApplicationContext.getBean(AbstractApplicationContext.java:1154) ~[spring-context-5.3.15.jar:5.3.15]
	at org.springframework.context.support.AbstractApplicationContext.finishBeanFactoryInitialization(AbstractApplicationContext.java:908) ~[spring-context-5.3.15.jar:5.3.15]
	at org.springframework.context.support.AbstractApplicationContext.refresh(AbstractApplicationContext.java:583) ~[spring-context-5.3.15.jar:5.3.15]
	at org.springframework.boot.web.servlet.context.ServletWebServerApplicationContext.refresh(ServletWebServerApplicationContext.java:145) ~[spring-boot-2.6.3.jar:2.6.3]
	at org.springframework.boot.SpringApplication.refresh(SpringApplication.java:732) ~[spring-boot-2.6.3.jar:2.6.3]
	at org.springframework.boot.SpringApplication.refreshContext(SpringApplication.java:414) ~[spring-boot-2.6.3.jar:2.6.3]
	at org.springframework.boot.SpringApplication.run(SpringApplication.java:302) ~[spring-boot-2.6.3.jar:2.6.3]
	at org.springframework.boot.SpringApplication.run(SpringApplication.java:1303) ~[spring-boot-2.6.3.jar:2.6.3]
	at org.springframework.boot.SpringApplication.run(SpringApplication.java:1292) ~[spring-boot-2.6.3.jar:2.6.3]
	at com.api.saludo.ApiSaludoApplication.main(ApiSaludoApplication.java:10) ~[main/:na]
Caused by: javax.persistence.PersistenceException: [PersistenceUnit: default] Unable to build Hibernate SessionFactory; nested exception is org.hibernate.exception.JDBCConnectionException: Unable to open JDBC Connection for DDL execution
	at org.springframework.orm.jpa.AbstractEntityManagerFactoryBean.buildNativeEntityManagerFactory(AbstractEntityManagerFactoryBean.java:421) ~[spring-orm-5.3.15.jar:5.3.15]
	at org.springframework.orm.jpa.AbstractEntityManagerFactoryBean.afterPropertiesSet(AbstractEntityManagerFactoryBean.java:396) ~[spring-orm-5.3.15.jar:5.3.15]
	at org.springframework.orm.jpa.LocalContainerEntityManagerFactoryBean.afterPropertiesSet(LocalContainerEntityManagerFactoryBean.java:341) ~[spring-orm-5.3.15.jar:5.3.15]
	at org.springframework.beans.factory.support.AbstractAutowireCapableBeanFactory.invokeInitMethods(AbstractAutowireCapableBeanFactory.java:1863) ~[spring-beans-5.3.15.jar:5.3.15]
	at org.springframework.beans.factory.support.AbstractAutowireCapableBeanFactory.initializeBean(AbstractAutowireCapableBeanFactory.java:1800) ~[spring-beans-5.3.15.jar:5.3.15]
	... 16 common frames omitted
Caused by: org.hibernate.exception.JDBCConnectionException: Unable to open JDBC Connection for DDL execution
	at org.hibernate.exception.internal.SQLStateConversionDelegate.convert(SQLStateConversionDelegate.java:112) ~[hibernate-core-5.6.4.Final.jar:5.6.4.Final]
	at org.hibernate.exception.internal.StandardSQLExceptionConverter.convert(StandardSQLExceptionConverter.java:37) ~[hibernate-core-5.6.4.Final.jar:5.6.4.Final]
	at org.hibernate.engine.jdbc.spi.SqlExceptionHelper.convert(SqlExceptionHelper.java:113) ~[hibernate-core-5.6.4.Final.jar:5.6.4.Final]
	at org.hibernate.engine.jdbc.spi.SqlExceptionHelper.convert(SqlExceptionHelper.java:99) ~[hibernate-core-5.6.4.Final.jar:5.6.4.Final]
	at org.hibernate.resource.transaction.backend.jdbc.internal.DdlTransactionIsolatorNonJtaImpl.getIsolatedConnection(DdlTransactionIsolatorNonJtaImpl.java:71) ~[hibernate-core-5.6.4.Final.jar:5.6.4.Final]
	at org.hibernate.tool.schema.internal.exec.ImprovedExtractionContextImpl.getJdbcConnection(ImprovedExtractionContextImpl.java:63) ~[hibernate-core-5.6.4.Final.jar:5.6.4.Final]
	at org.hibernate.tool.schema.extract.spi.ExtractionContext.getQueryResults(ExtractionContext.java:43) ~[hibernate-core-5.6.4.Final.jar:5.6.4.Final]
	at org.hibernate.tool.schema.extract.internal.SequenceInformationExtractorLegacyImpl.extractMetadata(SequenceInformationExtractorLegacyImpl.java:39) ~[hibernate-core-5.6.4.Final.jar:5.6.4.Final]
	at org.hibernate.tool.schema.extract.internal.DatabaseInformationImpl.initializeSequences(DatabaseInformationImpl.java:66) ~[hibernate-core-5.6.4.Final.jar:5.6.4.Final]
	at org.hibernate.tool.schema.extract.internal.DatabaseInformationImpl.<init>(DatabaseInformationImpl.java:60) ~[hibernate-core-5.6.4.Final.jar:5.6.4.Final]
	at org.hibernate.tool.schema.internal.Helper.buildDatabaseInformation(Helper.java:183) ~[hibernate-core-5.6.4.Final.jar:5.6.4.Final]
	at org.hibernate.tool.schema.internal.AbstractSchemaMigrator.doMigration(AbstractSchemaMigrator.java:104) ~[hibernate-core-5.6.4.Final.jar:5.6.4.Final]
	at org.hibernate.tool.schema.spi.SchemaManagementToolCoordinator.performDatabaseAction(SchemaManagementToolCoordinator.java:192) ~[hibernate-core-5.6.4.Final.jar:5.6.4.Final]
	at org.hibernate.tool.schema.spi.SchemaManagementToolCoordinator.process(SchemaManagementToolCoordinator.java:81) ~[hibernate-core-5.6.4.Final.jar:5.6.4.Final]
	at org.hibernate.internal.SessionFactoryImpl.<init>(SessionFactoryImpl.java:335) ~[hibernate-core-5.6.4.Final.jar:5.6.4.Final]
	at org.hibernate.boot.internal.SessionFactoryBuilderImpl.build(SessionFactoryBuilderImpl.java:471) ~[hibernate-core-5.6.4.Final.jar:5.6.4.Final]
	at org.hibernate.jpa.boot.internal.EntityManagerFactoryBuilderImpl.build(EntityManagerFactoryBuilderImpl.java:1498) ~[hibernate-core-5.6.4.Final.jar:5.6.4.Final]
	at org.springframework.orm.jpa.vendor.SpringHibernateJpaPersistenceProvider.createContainerEntityManagerFactory(SpringHibernateJpaPersistenceProvider.java:58) ~[spring-orm-5.3.15.jar:5.3.15]
	at org.springframework.orm.jpa.LocalContainerEntityManagerFactoryBean.createNativeEntityManagerFactory(LocalContainerEntityManagerFactoryBean.java:365) ~[spring-orm-5.3.15.jar:5.3.15]
	at org.springframework.orm.jpa.AbstractEntityManagerFactoryBean.buildNativeEntityManagerFactory(AbstractEntityManagerFactoryBean.java:409) ~[spring-orm-5.3.15.jar:5.3.15]
	... 20 common frames omitted
Caused by: org.postgresql.util.PSQLException: The connection attempt failed.
	at org.postgresql.core.v3.ConnectionFactoryImpl.openConnectionImpl(ConnectionFactoryImpl.java:313) ~[postgresql-42.3.1.jar:42.3.1]
	at org.postgresql.core.ConnectionFactory.openConnection(ConnectionFactory.java:51) ~[postgresql-42.3.1.jar:42.3.1]
	at org.postgresql.jdbc.PgConnection.<init>(PgConnection.java:225) ~[postgresql-42.3.1.jar:42.3.1]
	at org.postgresql.Driver.makeConnection(Driver.java:466) ~[postgresql-42.3.1.jar:42.3.1]
	at org.postgresql.Driver.connect(Driver.java:265) ~[postgresql-42.3.1.jar:42.3.1]
	at com.zaxxer.hikari.util.DriverDataSource.getConnection(DriverDataSource.java:138) ~[HikariCP-4.0.3.jar:na]
	at com.zaxxer.hikari.pool.PoolBase.newConnection(PoolBase.java:364) ~[HikariCP-4.0.3.jar:na]
	at com.zaxxer.hikari.pool.PoolBase.newPoolEntry(PoolBase.java:206) ~[HikariCP-4.0.3.jar:na]
	at com.zaxxer.hikari.pool.HikariPool.createPoolEntry(HikariPool.java:476) ~[HikariCP-4.0.3.jar:na]
	at com.zaxxer.hikari.pool.HikariPool.checkFailFast(HikariPool.java:561) ~[HikariCP-4.0.3.jar:na]
	at com.zaxxer.hikari.pool.HikariPool.<init>(HikariPool.java:115) ~[HikariCP-4.0.3.jar:na]
	at com.zaxxer.hikari.HikariDataSource.getConnection(HikariDataSource.java:112) ~[HikariCP-4.0.3.jar:na]
	at org.hibernate.engine.jdbc.connections.internal.DatasourceConnectionProviderImpl.getConnection(DatasourceConnectionProviderImpl.java:122) ~[hibernate-core-5.6.4.Final.jar:5.6.4.Final]
	at org.hibernate.engine.jdbc.env.internal.JdbcEnvironmentInitiator$ConnectionProviderJdbcConnectionAccess.obtainConnection(JdbcEnvironmentInitiator.java:181) ~[hibernate-core-5.6.4.Final.jar:5.6.4.Final]
	at org.hibernate.resource.transaction.backend.jdbc.internal.DdlTransactionIsolatorNonJtaImpl.getIsolatedConnection(DdlTransactionIsolatorNonJtaImpl.java:44) ~[hibernate-core-5.6.4.Final.jar:5.6.4.Final]
	... 35 common frames omitted
Caused by: java.net.UnknownHostException: vvopkqlsapvgfm:a3a04713480aa6a69796ee63ceffa813fbc51d5bf4220c6d9ae6ecfdabc3346b@ec2-3-219-204-29.compute-1.amazonaws.com
	at java.base/sun.nio.ch.NioSocketImpl.connect(NioSocketImpl.java:567) ~[na:na]
	at java.base/java.net.SocksSocketImpl.connect(SocksSocketImpl.java:327) ~[na:na]
	at java.base/java.net.Socket.connect(Socket.java:633) ~[na:na]
	at org.postgresql.core.PGStream.createSocket(PGStream.java:238) ~[postgresql-42.3.1.jar:42.3.1]
	at org.postgresql.core.PGStream.<init>(PGStream.java:98) ~[postgresql-42.3.1.jar:42.3.1]
	at org.postgresql.core.v3.ConnectionFactoryImpl.tryConnect(ConnectionFactoryImpl.java:100) ~[postgresql-42.3.1.jar:42.3.1]
	at org.postgresql.core.v3.ConnectionFactoryImpl.openConnectionImpl(ConnectionFactoryImpl.java:215) ~[postgresql-42.3.1.jar:42.3.1]
	... 49 common frames omitted

2022-02-17 21:52:43.814  INFO 22904 --- [main] com.api.saludo.ApiSaludoApplication      : Starting ApiSaludoApplication using Java 17.0.1 on e-grodelo with PID 22904 (C:\Users\e-grodelo\Documents\Proyecto\ActividadFinal\api-saludo\bin\main started by e-grodelo in C:\Users\e-grodelo\Documents\Proyecto\ActividadFinal\api-saludo)
2022-02-17 21:52:43.816  INFO 22904 --- [main] com.api.saludo.ApiSaludoApplication      : No active profile set, falling back to default profiles: default
2022-02-17 21:52:44.394  INFO 22904 --- [main] .s.d.r.c.RepositoryConfigurationDelegate : Bootstrapping Spring Data JPA repositories in DEFAULT mode.
2022-02-17 21:52:44.444  INFO 22904 --- [main] .s.d.r.c.RepositoryConfigurationDelegate : Finished Spring Data repository scanning in 44 ms. Found 1 JPA repository interfaces.
2022-02-17 21:52:44.936  INFO 22904 --- [main] o.s.b.w.embedded.tomcat.TomcatWebServer  : Tomcat initialized with port(s): 8080 (http)
2022-02-17 21:52:44.945  INFO 22904 --- [main] o.apache.catalina.core.StandardService   : Starting service [Tomcat]
2022-02-17 21:52:44.945  INFO 22904 --- [main] org.apache.catalina.core.StandardEngine  : Starting Servlet engine: [Apache Tomcat/9.0.56]
2022-02-17 21:52:45.045  INFO 22904 --- [main] o.a.c.c.C.[Tomcat].[localhost].[/]       : Initializing Spring embedded WebApplicationContext
2022-02-17 21:52:45.045  INFO 22904 --- [main] w.s.c.ServletWebServerApplicationContext : Root WebApplicationContext: initialization completed in 1181 ms
2022-02-17 21:52:45.163  INFO 22904 --- [main] o.hibernate.jpa.internal.util.LogHelper  : HHH000204: Processing PersistenceUnitInfo [name: default]
2022-02-17 21:52:45.207  INFO 22904 --- [main] org.hibernate.Version                    : HHH000412: Hibernate ORM core version 5.6.4.Final
2022-02-17 21:52:45.349  INFO 22904 --- [main] o.hibernate.annotations.common.Version   : HCANN000001: Hibernate Commons Annotations {5.1.2.Final}
2022-02-17 21:52:45.443  INFO 22904 --- [main] com.zaxxer.hikari.HikariDataSource       : HikariPool-1 - Starting...
2022-02-17 21:52:46.373  INFO 22904 --- [main] com.zaxxer.hikari.HikariDataSource       : HikariPool-1 - Start completed.
2022-02-17 21:52:46.387  INFO 22904 --- [main] org.hibernate.dialect.Dialect            : HHH000400: Using dialect: org.hibernate.dialect.PostgreSQLDialect
2022-02-17 21:52:47.208  INFO 22904 --- [main] o.h.e.t.j.p.i.JtaPlatformInitiator       : HHH000490: Using JtaPlatform implementation: [org.hibernate.engine.transaction.jta.platform.internal.NoJtaPlatform]
2022-02-17 21:52:47.222  INFO 22904 --- [main] j.LocalContainerEntityManagerFactoryBean : Initialized JPA EntityManagerFactory for persistence unit 'default'
2022-02-17 21:52:47.533  WARN 22904 --- [main] JpaBaseConfiguration$JpaWebConfiguration : spring.jpa.open-in-view is enabled by default. Therefore, database queries may be performed during view rendering. Explicitly configure spring.jpa.open-in-view to disable this warning
2022-02-17 21:52:47.846  INFO 22904 --- [main] o.s.b.w.embedded.tomcat.TomcatWebServer  : Tomcat started on port(s): 8080 (http) with context path ''
2022-02-17 21:52:47.855  INFO 22904 --- [main] com.api.saludo.ApiSaludoApplication      : Started ApiSaludoApplication in 4.448 seconds (JVM running for 5.155)
2022-02-17 21:52:52.218  INFO 22904 --- [http-nio-8080-exec-1] o.a.c.c.C.[Tomcat].[localhost].[/]       : Initializing Spring DispatcherServlet 'dispatcherServlet'
2022-02-17 21:52:52.219  INFO 22904 --- [http-nio-8080-exec-1] o.s.web.servlet.DispatcherServlet        : Initializing Servlet 'dispatcherServlet'
2022-02-17 21:52:52.221  INFO 22904 --- [http-nio-8080-exec-1] o.s.web.servlet.DispatcherServlet        : Completed initialization in 2 ms
2022-02-17 21:53:06.679  WARN 22904 --- [http-nio-8080-exec-3] o.h.engine.jdbc.spi.SqlExceptionHelper   : SQL Error: 0, SQLState: 23502
2022-02-17 21:53:06.679 ERROR 22904 --- [http-nio-8080-exec-3] o.h.engine.jdbc.spi.SqlExceptionHelper   : ERROR: null value in column "id" of relation "saludo" violates not-null constraint
  Detail: Failing row contains (null, mañana, Hola, buenas noches).
2022-02-17 21:53:06.747 ERROR 22904 --- [http-nio-8080-exec-3] c.a.saludo.controller.SaludoController   : ErrorDetails(codigo=900, mensaje=El saludo que se intenta crear, ya existe. , request=com.api.saludo.request.CreateSaludoRequest@4a0669fe, details=uri=/api/saludo/create)
2022-02-17 21:53:17.306  WARN 22904 --- [http-nio-8080-exec-5] o.h.engine.jdbc.spi.SqlExceptionHelper   : SQL Error: 0, SQLState: 23502
2022-02-17 21:53:17.307 ERROR 22904 --- [http-nio-8080-exec-5] o.h.engine.jdbc.spi.SqlExceptionHelper   : ERROR: null value in column "id" of relation "saludo" violates not-null constraint
  Detail: Failing row contains (null, dia, Hola, buenos dias).
2022-02-17 21:53:17.364 ERROR 22904 --- [http-nio-8080-exec-5] c.a.saludo.controller.SaludoController   : ErrorDetails(codigo=900, mensaje=El saludo que se intenta crear, ya existe. , request=com.api.saludo.request.CreateSaludoRequest@26c16e9d, details=uri=/api/saludo/create)
2022-02-17 21:54:51.307  WARN 22904 --- [http-nio-8080-exec-7] o.h.engine.jdbc.spi.SqlExceptionHelper   : SQL Error: 0, SQLState: 23502
2022-02-17 21:54:51.308 ERROR 22904 --- [http-nio-8080-exec-7] o.h.engine.jdbc.spi.SqlExceptionHelper   : ERROR: null value in column "id" of relation "saludo" violates not-null constraint
  Detail: Failing row contains (null, dia, Hola, buenos dias).
2022-02-17 21:54:51.367 ERROR 22904 --- [http-nio-8080-exec-7] c.a.saludo.controller.SaludoController   : ErrorDetails(codigo=900, mensaje=El saludo que se intenta crear, ya existe. , request=com.api.saludo.request.CreateSaludoRequest@695081fc, details=uri=/api/saludo/create)
2022-02-17 21:54:57.191  INFO 22904 --- [RMI TCP Connection(10)-127.0.0.1] inMXBeanRegistrar$SpringApplicationAdmin : Application shutdown requested.
2022-02-17 21:54:57.214  INFO 22904 --- [RMI TCP Connection(10)-127.0.0.1] j.LocalContainerEntityManagerFactoryBean : Closing JPA EntityManagerFactory for persistence unit 'default'
2022-02-17 21:54:57.216  INFO 22904 --- [RMI TCP Connection(10)-127.0.0.1] com.zaxxer.hikari.HikariDataSource       : HikariPool-1 - Shutdown initiated...
2022-02-17 21:54:57.796  INFO 22904 --- [RMI TCP Connection(10)-127.0.0.1] com.zaxxer.hikari.HikariDataSource       : HikariPool-1 - Shutdown completed.
2022-02-17 21:55:02.379  INFO 12440 --- [main] com.api.saludo.ApiSaludoApplication      : Starting ApiSaludoApplication using Java 17.0.1 on e-grodelo with PID 12440 (C:\Users\e-grodelo\Documents\Proyecto\ActividadFinal\api-saludo\bin\main started by e-grodelo in C:\Users\e-grodelo\Documents\Proyecto\ActividadFinal\api-saludo)
2022-02-17 21:55:02.382  INFO 12440 --- [main] com.api.saludo.ApiSaludoApplication      : No active profile set, falling back to default profiles: default
2022-02-17 21:55:02.931  INFO 12440 --- [main] .s.d.r.c.RepositoryConfigurationDelegate : Bootstrapping Spring Data JPA repositories in DEFAULT mode.
2022-02-17 21:55:02.979  INFO 12440 --- [main] .s.d.r.c.RepositoryConfigurationDelegate : Finished Spring Data repository scanning in 39 ms. Found 1 JPA repository interfaces.
2022-02-17 21:55:03.405  INFO 12440 --- [main] o.s.b.w.embedded.tomcat.TomcatWebServer  : Tomcat initialized with port(s): 8080 (http)
2022-02-17 21:55:03.413  INFO 12440 --- [main] o.apache.catalina.core.StandardService   : Starting service [Tomcat]
2022-02-17 21:55:03.414  INFO 12440 --- [main] org.apache.catalina.core.StandardEngine  : Starting Servlet engine: [Apache Tomcat/9.0.56]
2022-02-17 21:55:03.512  INFO 12440 --- [main] o.a.c.c.C.[Tomcat].[localhost].[/]       : Initializing Spring embedded WebApplicationContext
2022-02-17 21:55:03.512  INFO 12440 --- [main] w.s.c.ServletWebServerApplicationContext : Root WebApplicationContext: initialization completed in 1085 ms
2022-02-17 21:55:03.632  INFO 12440 --- [main] o.hibernate.jpa.internal.util.LogHelper  : HHH000204: Processing PersistenceUnitInfo [name: default]
2022-02-17 21:55:03.681  INFO 12440 --- [main] org.hibernate.Version                    : HHH000412: Hibernate ORM core version 5.6.4.Final
2022-02-17 21:55:03.840  INFO 12440 --- [main] o.hibernate.annotations.common.Version   : HCANN000001: Hibernate Commons Annotations {5.1.2.Final}
2022-02-17 21:55:03.935  INFO 12440 --- [main] com.zaxxer.hikari.HikariDataSource       : HikariPool-1 - Starting...
2022-02-17 21:55:04.847  INFO 12440 --- [main] com.zaxxer.hikari.HikariDataSource       : HikariPool-1 - Start completed.
2022-02-17 21:55:04.860  INFO 12440 --- [main] org.hibernate.dialect.Dialect            : HHH000400: Using dialect: org.hibernate.dialect.PostgreSQLDialect
2022-02-17 21:55:05.645  INFO 12440 --- [main] o.h.e.t.j.p.i.JtaPlatformInitiator       : HHH000490: Using JtaPlatform implementation: [org.hibernate.engine.transaction.jta.platform.internal.NoJtaPlatform]
2022-02-17 21:55:05.655  INFO 12440 --- [main] j.LocalContainerEntityManagerFactoryBean : Initialized JPA EntityManagerFactory for persistence unit 'default'
2022-02-17 21:55:05.975  WARN 12440 --- [main] JpaBaseConfiguration$JpaWebConfiguration : spring.jpa.open-in-view is enabled by default. Therefore, database queries may be performed during view rendering. Explicitly configure spring.jpa.open-in-view to disable this warning
2022-02-17 21:55:06.255  INFO 12440 --- [main] o.s.b.w.embedded.tomcat.TomcatWebServer  : Tomcat started on port(s): 8080 (http) with context path ''
2022-02-17 21:55:06.266  INFO 12440 --- [main] com.api.saludo.ApiSaludoApplication      : Started ApiSaludoApplication in 4.229 seconds (JVM running for 4.879)
2022-02-17 21:55:09.581  INFO 12440 --- [http-nio-8080-exec-2] o.a.c.c.C.[Tomcat].[localhost].[/]       : Initializing Spring DispatcherServlet 'dispatcherServlet'
2022-02-17 21:55:09.581  INFO 12440 --- [http-nio-8080-exec-2] o.s.web.servlet.DispatcherServlet        : Initializing Servlet 'dispatcherServlet'
2022-02-17 21:55:09.582  INFO 12440 --- [http-nio-8080-exec-2] o.s.web.servlet.DispatcherServlet        : Completed initialization in 0 ms
2022-02-17 21:55:09.880  WARN 12440 --- [http-nio-8080-exec-2] o.h.engine.jdbc.spi.SqlExceptionHelper   : SQL Error: 0, SQLState: 23502
2022-02-17 21:55:09.881 ERROR 12440 --- [http-nio-8080-exec-2] o.h.engine.jdbc.spi.SqlExceptionHelper   : ERROR: null value in column "id" of relation "saludo" violates not-null constraint
  Detail: Failing row contains (null, dia, Hola, buenos dias).
2022-02-17 21:55:09.950 ERROR 12440 --- [http-nio-8080-exec-2] c.a.saludo.controller.SaludoController   : ErrorDetails(codigo=900, mensaje=El saludo que se intenta crear, ya existe. , request=com.api.saludo.request.CreateSaludoRequest@4c456ec7, details=uri=/api/saludo/create)
2022-02-17 22:03:09.971  INFO 12440 --- [http-nio-8080-exec-9] c.a.saludo.controller.SaludoController   :  The record: com.api.saludo.response.SaludoResponse@5a565f83 has been created. At 2022-02-17T22:03:09.970703900
2022-02-17 22:04:57.814  WARN 12440 --- [http-nio-8080-exec-2] .w.s.m.s.DefaultHandlerExceptionResolver : Resolved [org.springframework.web.HttpRequestMethodNotSupportedException: Request method 'POST' not supported]
